This is pdfTeX, Version 3.14159265-2.6-1.40.18 (TeX Live 2017) (preloaded format=latex 2017.9.15)  15 SEP 2017 13:12
entering extended mode
 restricted \write18 enabled.
 %&-line parsing enabled.
**ragged2e.ins
(./ragged2e.ins
LaTeX2e <2017-04-15>
Babel <3.10> and hyphenation patterns for 22 language(s) loaded.
File: ragged2e.ins 2009/05/24 v1.4 Installation script for Ragged2e Package (MS
)
(/usr/local/texlive/2017basic/texmf-dist/tex/latex/base/docstrip.tex
\blockLevel=\count79
\emptyLines=\count80
\processedLines=\count81
\commentsRemoved=\count82
\commentsPassed=\count83
\codeLinesPassed=\count84
\TotalprocessedLines=\count85
\TotalcommentsRemoved=\count86
\TotalcommentsPassed=\count87
\TotalcodeLinesPassed=\count88
\NumberOfFiles=\count89
\inFile=\read1
\inputcheck=\read2
\off@0=\count90
\off@1=\count91
\off@2=\count92
\off@3=\count93
\off@4=\count94
\off@5=\count95
\off@6=\count96
\off@7=\count97
\off@8=\count98
\off@9=\count99
\off@10=\count100
\off@11=\count101
\off@12=\count102
\off@13=\count103
\off@14=\count104
\off@15=\count105
\@maxfiles=\count106
\@maxoutfiles=\count107

Utility: `docstrip' 2.5e <2014/09/29>
English documentation    <2017/03/13>

**********************************************************
* This program converts documented macro-files into fast *
* loadable files by stripping off (nearly) all comments! *
**********************************************************

********************************************************
* No Configuration file found, using default settings. *
********************************************************

)
***********************************************************
*
* The ragged2e distribution contains these files:
*
*   ragged2e.dtx
*   ragged2e.ins
*
* If you receive only some of these files from someone, complain!
*
***********************************************************

Generating file(s) ./ragged2e.sty ./ragged2e.drv 
\openout0 = `./ragged2e.sty'.

\openout1 = `./ragged2e.drv'.


Processing file ragged2e.dtx (package) -> ragged2e.sty
                             (driver) -> ragged2e.drv
Lines  processed: 1380
Comments removed: 1018
Comments  passed: 44
Codelines passed: 308

***********************************************************
*
* To finish the installation you have to move the following
* style files into a directory searched by TeX:
*
*   ragged2e.sty
*
* To produce the documentation run the file ragged2e.drv
* through LaTeX.
*
* Happy TeXing
***********************************************************
 ) 
Here is how much of TeX's memory you used:
 326 strings out of 494438
 3328 string characters out of 6166671
 55804 words of memory out of 5000000
 3764 multiletter control sequences out of 15000+600000
 3640 words of font info for 14 fonts, out of 8000000 for 9000
 319 hyphenation exceptions out of 8191
 11i,0n,15p,119b,135s stack positions out of 5000i,500n,10000p,200000b,80000s

No pages of output.
